================================================================
======== txAdmin v8.0.1 atop fxserver 17000 Starting - 18/12/2025, 17:43:09
================================================================
[17:43:38][MaulDevI] created admins file
[17:44:10][MaulDevI] Config changes: general.serverName
[17:44:10][MaulDevI] Changing global settings via setup stepper and started Deployer.
[17:44:16][MaulDevI] Setting recipe.
================================================================
======== txAdmin v8.0.1 atop fxserver 17000 Starting - 18/12/2025, 18:15:45
================================================================
================================================================
======== txAdmin v8.0.1 atop fxserver 17000 Starting - 18/12/2025, 18:16:51
================================================================
[18:17:07][MaulDevI] logged in from 127.0.0.1 via cfxre
[18:17:20][MaulDevI] Config changes: 
[18:17:20][MaulDevI] Changing global settings via setup stepper and started Deployer.
[18:17:22][MaulDevI] Setting recipe.
================================================================
======== txAdmin v8.0.1 atop fxserver 17000 Starting - 18/12/2025, 19:02:02
================================================================
[19:02:21][MaulDevI] logged in from 127.0.0.1 via cfxre
[19:02:30][MaulDevI] Config changes: 
[19:02:30][MaulDevI] Changing global settings via setup stepper and started Deployer.
[19:02:31][MaulDevI] Setting recipe.
[19:02:56][MaulDevI] Running recipe.
[19:03:12][MaulDevI] Config changes: server.dataPath
[19:03:12][MaulDevI] Completed and committed server deploy.
================================================================
======== txAdmin v8.0.1 atop fxserver 17000 Starting - 18/12/2025, 19:05:46
================================================================
