║             TXADMIN║ ================================================================
║             TXADMIN║ ======== [2200] FXServer Starting - 18/12/2025, 19:03:12        
║             TXADMIN║ ================================================================
[           resources] Scanning resources.
[           resources] Found 77 resources.
[          svadhesive] Authenticating server license key...
[          svadhesive] Server license key authentication succeeded. Welcome!
[    c-scripting-core] Creating script environments for monitor
[      script:monitor] [txAdmin] Resource v8.0.1 threads and commands set up. All Ready.
[           resources] Started resource monitor
[    c-scripting-core] Creating script environments for chat
[           resources] Started resource chat
[    c-scripting-core] Creating script environments for hardcap
[           resources] Started resource hardcap
[    c-scripting-core] Creating script environments for oxmysql
[           resources] Started resource oxmysql
[    c-scripting-core] Creating script environments for cron
[           resources] Started resource cron
[    c-scripting-core] Creating script environments for es_extended
[  script:es_extended] [INFO] Running migrations for ESX version v1.13.3
[  script:es_extended] [esx_migration:v.1.13.3:ssn] Adding SSN column to users table.
[           resources] Started resource es_extended
[           resources] Started resource esx_chat_theme
[    c-scripting-core] Creating script environments for esx_context
[           resources] Started resource esx_context
[    c-scripting-core] Creating script environments for esx_identity
[           resources] Started resource esx_identity
[    c-scripting-core] Creating script environments for esx_inventory
[           resources] Started resource esx_inventory
[    c-scripting-core] Creating script environments for esx_loadingscreen
[           resources] Started resource esx_loadingscreen
[           resources] Started resource esx_menu_default
[           resources] Started resource esx_menu_dialog
[           resources] Started resource esx_menu_list
[           resources] Started resource skinchanger
[    c-scripting-core] Creating script environments for esx_skin
[           resources] Started resource esx_skin
[    c-scripting-core] Creating script environments for esx_multicharacter
[           resources] Started resource esx_multicharacter
[    c-scripting-core] Creating script environments for esx_notify
[           resources] Started resource esx_notify
[    c-scripting-core] Creating script environments for esx_progressbar
[           resources] Started resource esx_progressbar
[    c-scripting-core] Creating script environments for esx_textui
[           resources] Started resource esx_textui
[           resources] Started resource bob74_ipl
[    c-scripting-core] Creating script environments for pma-voice
[           resources] Started resource pma-voice
[    c-scripting-core] Creating script environments for esx_datastore
[           resources] Started resource esx_datastore
[    c-scripting-core] Creating script environments for esx_accessories
[           resources] Started resource esx_accessories
[    c-scripting-core] Creating script environments for esx_addonaccount
[           resources] Started resource esx_addonaccount
[    c-scripting-core] Creating script environments for esx_addoninventory
[           resources] Started resource esx_addoninventory
[    c-scripting-core] Creating script environments for esx_vehicleshop
[           resources] Started resource esx_vehicleshop
[    c-scripting-core] Creating script environments for esx_ambulancejob
[           resources] Started resource esx_ambulancejob
[           resources] Started resource esx_animations
[    c-scripting-core] Creating script environments for esx_banking
[           resources] Started resource esx_banking
[    c-scripting-core] Creating script environments for esx_barbershop
[           resources] Started resource esx_barbershop
[    c-scripting-core] Creating script environments for esx_status
[           resources] Started resource esx_status
[    c-scripting-core] Creating script environments for esx_basicneeds
[           resources] Started resource esx_basicneeds
[    c-scripting-core] Creating script environments for esx_billing
[           resources] Started resource esx_billing
[    c-scripting-core] Creating script environments for esx_boat
[           resources] Started resource esx_boat
[    c-scripting-core] Creating script environments for esx_clotheshop
[           resources] Started resource esx_clotheshop
[           resources] Started resource esx_cruisecontrol
[    c-scripting-core] Creating script environments for esx_license
[           resources] Started resource esx_license
[    c-scripting-core] Creating script environments for esx_dmvschool
[           resources] Started resource esx_dmvschool
[    c-scripting-core] Creating script environments for esx_drugs
[           resources] Started resource esx_drugs
[    c-scripting-core] Creating script environments for esx_garage
[           resources] Started resource esx_garage
[    c-scripting-core] Creating script environments for esx_hud
[           resources] Started resource esx_hud
[    c-scripting-core] Creating script environments for esx_joblisting
[           resources] Started resource esx_joblisting
[    c-scripting-core] Creating script environments for esx_jobs
[           resources] Started resource esx_jobs
[    c-scripting-core] Creating script environments for esx_lscustom
[           resources] Started resource esx_lscustom
[    c-scripting-core] Creating script environments for esx_society
[           resources] Started resource esx_society
[    c-scripting-core] Creating script environments for esx_mechanicjob
[           resources] Started resource esx_mechanicjob
[    c-scripting-core] Creating script environments for esx_optionalneeds
[           resources] Started resource esx_optionalneeds
[    c-scripting-core] Creating script environments for esx_policejob
[           resources] Started resource esx_policejob
[    c-scripting-core] Creating script environments for esx_property
[           resources] Started resource esx_property
[    c-scripting-core] Creating script environments for esx_rpchat
[           resources] Started resource esx_rpchat
[    c-scripting-core] Creating script environments for esx_service
[           resources] Started resource esx_service
[    c-scripting-core] Creating script environments for esx_shops
[           resources] Started resource esx_shops
[    c-scripting-core] Creating script environments for esx_taxijob
[           resources] Started resource esx_taxijob
[    c-scripting-core] Creating script environments for esx_weaponshop
[           resources] Started resource esx_weaponshop
[ citizen-server-main] Warning: The players.json endpoint has been modified to no longer return the player identifiers without authentication.
[ citizen-server-main] To learn more about this change read our announcement at https://aka.cfx.re/players-json-privacy
[      script:oxmysql] [9.5.0] Database server connection established!
[  script:es_extended] [esx_migration:v.1.13.3:ssn] No users found without SSN, migration not needed.
[  script:es_extended] [SUCCESS] Successfully completed migrations for ESX version v1.13.3
[  script:es_extended] [INFO] Running migrations for ESX version v1.13.5
[  script:es_extended] [esx_migration:v1.13.5:jobTypes] Adding job type column to jobs table.
[  script:es_extended] [INFO] ESX Legacy 1.13.4 initialized!
[  script:es_extended] [esx_migration:v1.13.5:jobTypes] Column already exists, migration not needed.
[  script:es_extended] [SUCCESS] Successfully completed migrations for ESX version v1.13.5
[      script:esx_hud] [INFO] esx_hud: Checking manifest from https://raw.githubusercontent.com/esx-framework/ESX-Legacy-Addons/main/%5Besx_addons%5D/esx_hud/fxmanifest.lua
[      script:esx_hud] [INFO] esx_hud: Latest version: 1.13.4
[      script:esx_hud] [INFO] esx_hud: Your version: 1.10.2
[      script:esx_hud] [INFO] esx_hud: Update available: remote 1.13.4 > local 1.10.2
[      script:esx_hud] [INFO] esx_hud: You need download latest version! You are using an old version at the moment!
[ citizen-server-impl]         fff                          
[ citizen-server-impl]   cccc ff   xx  xx     rr rr    eee  
[ citizen-server-impl] cc     ffff   xx       rrr  r ee   e 
[ citizen-server-impl] cc     ff     xx   ... rr     eeeee  
[ citizen-server-impl]  ccccc ff   xx  xx ... rr      eeeee 
[ citizen-server-impl]                                      
[ citizen-server-impl] Authenticated with cfx.re Nucleus: https://mauldevi-vr83qq.users.cfx.re/
[script:esx_multichar] [INFO] Updated 1 columns to use VARCHAR(46)
[      script:oxmysql] Error: esx_property was unable to execute a query!
[      script:oxmysql] Query: ALTER TABLE `users` ADD COLUMN IF NOT EXISTS `last_property` LONGTEXT NULL
[      script:oxmysql] []
[      script:oxmysql] You have an error in your SQL syntax; check the manual that corresponds to your MySQL server version for the right syntax to use near 'IF NOT EXISTS `last_property` LONGTEXT NULL' at line 1
[ script:esx_property] [INFO] Added Property into datastore_data table
[    script:pma-voice] [WARNING] It's recommended to have 'voice_useSendingRangeOnly' set to false, you can do that with 'setr voice_useSendingRangeOnly false', this makes clients ignore the position information sent from the client.
